2025-04-18T03:30:08.532Z | {"type":"view","target":"login_attempt","metadata":{"provider":"google"},"timestamp":1744947008532}
2025-04-18T03:30:12.129Z | {"type":"auth","target":"signin_success","metadata":{"email":"falvenzo.abu.cephalus@gmail.com","provider":"google","userId":"101250864102948776538"},"timestamp":1744947012129}
2025-04-18T03:30:55.525Z | {"type":"click","target":"navigation","metadata":{"destination":"analytics"},"timestamp":1744947055525}
2025-04-18T03:31:46.870Z | {"type":"click","target":"navigation","metadata":{"destination":"analytics"},"timestamp":1744947106870}
2025-04-18T03:32:41.742Z | {"type":"click","target":"navigation","metadata":{"destination":"analytics"},"timestamp":1744947161742}
2025-04-18T03:33:15.104Z | {"type":"auth","target":"signout","metadata":{},"timestamp":1744947195104}
2025-04-18T03:33:18.599Z | {"type":"view","target":"login_attempt","metadata":{"provider":"google"},"timestamp":1744947198599}
2025-04-18T03:33:22.130Z | {"type":"auth","target":"signin_success","metadata":{"email":"larivierlouise@gmail.com","provider":"google","userId":"115786498963350751321"},"timestamp":1744947202130}
2025-04-18T03:33:28.127Z | {"type":"click","target":"navigation","metadata":{"destination":"analytics"},"timestamp":1744947208127}
2025-04-18T03:38:28.098Z | {"type":"click","target":"navigation","metadata":{"destination":"analytics"},"timestamp":1744947508098}
2025-04-18T03:42:09.140Z | {"type":"view","target":"login_attempt","metadata":{"provider":"google"},"timestamp":1744947729140}
2025-04-18T03:42:15.186Z | {"type":"auth","target":"signin_success","metadata":{"email":"larivierlouise@gmail.com","provider":"google","userId":"115786498963350751321"},"timestamp":1744947735186}
2025-04-18T03:42:42.981Z | {"type":"click","target":"navigation","metadata":{"destination":"analytics"},"timestamp":1744947762981}
2025-04-18T03:50:32.314Z | {"type":"view","target":"login_attempt","metadata":{"provider":"google"},"timestamp":1744948232314}
2025-04-18T03:50:37.406Z | {"type":"auth","target":"signin_success","metadata":{"email":"kiwi.seattle@gmail.com","provider":"google","userId":"116880101756368903712"},"timestamp":1744948237406}
2025-04-18T03:51:06.475Z | {"type":"auth","target":"signout","metadata":{},"timestamp":1744948266475}
2025-04-18T03:51:12.170Z | {"type":"view","target":"login_attempt","metadata":{"provider":"google"},"timestamp":1744948272170}
2025-04-18T03:51:17.045Z | {"type":"auth","target":"signin_success","metadata":{"email":"larivierlouise@gmail.com","provider":"google","userId":"115786498963350751321"},"timestamp":1744948277045}
2025-04-18T03:51:27.402Z | {"type":"click","target":"navigation","metadata":{"destination":"analytics"},"timestamp":1744948287402}
2025-04-18T03:30:15.548Z | {"type":"click","target":"navigation","metadata":"{\"destination\":\"analytics\"}","timestamp":1744947015548}
2025-04-18T04:16:24.060Z | {"type":"view","target":"login_attempt","metadata":"{\"provider\":\"google\"}","timestamp":1744949784060}
2025-04-18T04:16:27.663Z | {"type":"auth","target":"signin_success","metadata":"{\"email\":\"larivierlouise@gmail.com\",\"provider\":\"google\",\"userId\":\"115786498963350751321\"}","timestamp":1744949787663}
2025-04-18T04:16:32.053Z | {"type":"click","target":"navigation","metadata":"{\"destination\":\"analytics\"}","timestamp":1744949792053}
2025-04-18T04:21:32.502Z | {"type":"click","target":"navigation","metadata":"{\"destination\":\"analytics\"}","timestamp":1744950092502}
2025-04-18T04:25:14.696Z | {"type":"click","target":"sample_pdf","metadata":"{\"name\":\"Aainjaa.pdf\"}","timestamp":1744950314696}
2025-04-18T04:25:14.696Z | {"type":"click","target":"sample_pdf","metadata":"{\"name\":\"Aainjaa.pdf\"}","timestamp":1744950314696}
2025-04-18T04:25:14.696Z | {"type":"analyze","target":"analysis_start","metadata":"{\"source\":\"sample\",\"name\":\"Aainjaa.pdf\"}","timestamp":1744950314696}
2025-04-18T04:25:25.961Z | {"type":"analyze","target":"analysis_complete","metadata":"{\"source\":\"sample\",\"name\":\"Aainjaa.pdf\",\"success\":true}","timestamp":1744950325961}
2025-04-18T04:25:33.495Z | {"type":"click","target":"navigation","metadata":"{\"destination\":\"analytics\"}","timestamp":1744950333495}
2025-04-18T04:26:23.528Z | {"type":"click","target":"sample_pdf","metadata":"{\"name\":\"Samba-Da-Musa.pdf\"}","timestamp":1744950383528}
2025-04-18T04:26:23.528Z | {"type":"click","target":"sample_pdf","metadata":"{\"name\":\"Samba-Da-Musa.pdf\"}","timestamp":1744950383528}
2025-04-18T04:26:23.528Z | {"type":"analyze","target":"analysis_start","metadata":"{\"source\":\"sample\",\"name\":\"Samba-Da-Musa.pdf\"}","timestamp":1744950383528}
2025-04-18T04:26:33.251Z | {"type":"analyze","target":"analysis_complete","metadata":"{\"source\":\"sample\",\"name\":\"Samba-Da-Musa.pdf\",\"success\":true}","timestamp":1744950393251}
2025-04-18T04:26:38.344Z | {"type":"click","target":"navigation","metadata":"{\"destination\":\"analytics\"}","timestamp":1744950398344}
2025-04-18T05:40:58.811Z | {"type":"click","target":"navigation","metadata":"{\"destination\":\"analytics\",\"email\":\"larivierlouise@gmail.com\"}","timestamp":1744954858811}
2025-04-18T05:41:14.212Z | {"type":"click","target":"navigation","metadata":"{\"destination\":\"analytics\",\"email\":\"larivierlouise@gmail.com\"}","timestamp":1744954874212}
2025-04-18T05:41:30.211Z | {"type":"click","target":"sample_pdf","metadata":"{\"name\":\"Aainjaa.pdf\"}","timestamp":1744954890211}
2025-04-18T05:41:30.212Z | {"type":"click","target":"sample_pdf","metadata":"{\"name\":\"Aainjaa.pdf\"}","timestamp":1744954890212}
2025-04-18T05:41:30.212Z | {"type":"analyze","target":"analysis_start","metadata":"{\"source\":\"sample\",\"name\":\"Aainjaa.pdf\"}","timestamp":1744954890212}
2025-04-18T05:41:41.117Z | {"type":"analyze","target":"analysis_complete","metadata":"{\"source\":\"sample\",\"name\":\"Aainjaa.pdf\",\"success\":true}","timestamp":1744954901117}
2025-04-18T05:41:49.195Z | {"type":"click","target":"navigation","metadata":"{\"destination\":\"analytics\",\"email\":\"larivierlouise@gmail.com\"}","timestamp":1744954909195}
2025-04-18T05:42:04.745Z | {"type":"click","target":"sample_pdf","metadata":"{\"name\":\"Mangueira.pdf\"}","timestamp":1744954924745}
2025-04-18T05:42:04.746Z | {"type":"click","target":"sample_pdf","metadata":"{\"name\":\"Mangueira.pdf\"}","timestamp":1744954924746}
2025-04-18T05:42:04.746Z | {"type":"analyze","target":"analysis_start","metadata":"{\"source\":\"sample\",\"name\":\"Mangueira.pdf\"}","timestamp":1744954924746}
2025-04-18T05:42:11.827Z | {"type":"analyze","target":"analysis_complete","metadata":"{\"source\":\"sample\",\"name\":\"Mangueira.pdf\",\"success\":true}","timestamp":1744954931827}
2025-04-18T05:42:15.075Z | {"type":"click","target":"navigation","metadata":"{\"destination\":\"analytics\",\"email\":\"larivierlouise@gmail.com\"}","timestamp":1744954935075}
2025-04-18T19:56:55.441Z | {"type":"upload","target":"user_file","metadata":"{\"fileType\":\"pdf\",\"fileSize\":66379}","timestamp":1745006215441}
2025-04-18T19:56:55.442Z | {"type":"analyze","target":"analysis_start","metadata":"{\"source\":\"upload\",\"name\":\"1745006215433-Samba_Da_Musa-Terceira.pdf\"}","timestamp":1745006215442}
2025-04-18T19:57:11.471Z | {"type":"analyze","target":"analysis_complete","metadata":"{\"source\":\"upload\",\"name\":\"1745006215433-Samba_Da_Musa-Terceira.pdf\",\"success\":true}","timestamp":1745006231471}
2025-04-18T20:00:11.703Z | {"type":"upload","target":"user_file","metadata":"{\"fileType\":\"pdf\",\"fileSize\":68553}","timestamp":1745006411703}
2025-04-18T20:00:11.704Z | {"type":"analyze","target":"analysis_start","metadata":"{\"source\":\"upload\",\"name\":\"1745006411698-2023_Solstice_Samba_Reggae-Repique.pdf\"}","timestamp":1745006411704}
2025-04-18T20:00:27.205Z | {"type":"analyze","target":"analysis_complete","metadata":"{\"source\":\"upload\",\"name\":\"1745006411698-2023_Solstice_Samba_Reggae-Repique.pdf\",\"success\":true}","timestamp":1745006427205}
2025-04-18T20:02:08.424Z | {"type":"upload","target":"user_file","metadata":"{\"fileType\":\"pdf\",\"fileSize\":68553}","timestamp":1745006528424}
2025-04-18T20:02:08.424Z | {"type":"analyze","target":"analysis_start","metadata":"{\"source\":\"upload\",\"name\":\"1745006528416-2023_Solstice_Samba_Reggae-Repique.pdf\"}","timestamp":1745006528424}
2025-04-18T20:02:24.925Z | {"type":"analyze","target":"analysis_complete","metadata":"{\"source\":\"upload\",\"name\":\"1745006528416-2023_Solstice_Samba_Reggae-Repique.pdf\",\"success\":true}","timestamp":1745006544925}
